<?xml version="1.0" encoding="UTF-8"?>
<testsuite xmlns:xsi="http://www.w3.org/2001/XMLSchema-instance" xsi:noNamespaceSchemaLocation="https://maven.apache.org/surefire/maven-surefire-plugin/xsd/surefire-test-report.xsd" name="com.edium.service.core.service.GroupServiceImplTest" time="0.137" tests="26" errors="0" skipped="0" failures="0">
  <properties>
[...]
</properties>
  <testcase name="whenDeleteById_WithIdNotFound_thenException" classname="com.edium.service.core.service.GroupServiceImplTest" time="0.001"/>
  <testcase name="whenGetGroupOfUserInOrganization_withNullGroup_thenReturnNull" classname="com.edium.service.core.service.GroupServiceImplTest" time="0.001"/>
  <testcase name="whenGetGroupsOfUser_withSizeNegative_thenException" classname="com.edium.service.core.service.GroupServiceImplTest" time="0"/>
  <testcase name="whenSaveGroup_withParent_thenReturn" classname="com.edium.service.core.service.GroupServiceImplTest" time="0.004"/>
  <testcase name="whenGetGroupsOfUser_thenReturn" classname="com.edium.service.core.service.GroupServiceImplTest" time="0.001"/>
  <testcase name="whenGetGroupsOfUser_withPageNegative_thenException" classname="com.edium.service.core.service.GroupServiceImplTest" time="0.001"/>
  <testcase name="whenGetRootGroupOfOrganization_thenReturn" classname="com.edium.service.core.service.GroupServiceImplTest" time="0.001"/>
  <testcase name="whenGetAllChildrenGroups_thenReturn" classname="com.edium.service.core.service.GroupServiceImplTest" time="0.001"/>
  <testcase name="whenUpdateGroup_withParentNotFound_thenReturn" classname="com.edium.service.core.service.GroupServiceImplTest" time="0.001"/>
  <testcase name="whenGetCurrentGroupOfUser_withGroupNotFound_thenException" classname="com.edium.service.core.service.GroupServiceImplTest" time="0.001"/>
  <testcase name="whenSaveGroup_withNoParent_thenReturn" classname="com.edium.service.core.service.GroupServiceImplTest" time="0.002"/>
  <testcase name="whenGetTreeGroupByGroupId_withGroupIdFound_thenReturn" classname="com.edium.service.core.service.GroupServiceImplTest" time="0.001"/>
  <testcase name="whenDeleteById_WithIdFound_thenOk" classname="com.edium.service.core.service.GroupServiceImplTest" time="0.002"/>
  <testcase name="whenGetParentOfGroup_thenReturn" classname="com.edium.service.core.service.GroupServiceImplTest" time="0.001"/>
  <testcase name="whenFindAll_thenReturn" classname="com.edium.service.core.service.GroupServiceImplTest" time="0.002"/>
  <testcase name="whenFindAll_withSizeNegative_thenException" classname="com.edium.service.core.service.GroupServiceImplTest" time="0.003"/>
  <testcase name="whenGetCurrentGroupOfUser_thenReturn" classname="com.edium.service.core.service.GroupServiceImplTest" time="0.001"/>
  <testcase name="whenFindAll_withPageNegative_thenException" classname="com.edium.service.core.service.GroupServiceImplTest" time="0"/>
  <testcase name="whenGetTreeGroupOfOrganization_thenReturn" classname="com.edium.service.core.service.GroupServiceImplTest" time="0"/>
  <testcase name="whenGetTreeGroupByGroupId_withGroupIdNotFound_thenException" classname="com.edium.service.core.service.GroupServiceImplTest" time="0.001"/>
  <testcase name="whenFindById_WithIdFound_thenException" classname="com.edium.service.core.service.GroupServiceImplTest" time="0.001"/>
  <testcase name="whenGetGroupOfUserInOrganization_thenReturn" classname="com.edium.service.core.service.GroupServiceImplTest" time="0.001"/>
  <testcase name="whenSaveGroup_withParentNotFound_thenException" classname="com.edium.service.core.service.GroupServiceImplTest" time="0.001"/>
  <testcase name="whenFindById_WithIdNotFound_thenException" classname="com.edium.service.core.service.GroupServiceImplTest" time="0.001"/>
  <testcase name="whenUpdateGroup_withNoParent_thenReturn" classname="com.edium.service.core.service.GroupServiceImplTest" time="0.002"/>
  <testcase name="whenUpdateGroup_withParent_thenReturn" classname="com.edium.service.core.service.GroupServiceImplTest" time="0.001"/>
</testsuite>